[debug] [2022-01-23T09:08:01.913Z] ----------------------------------------------------------------------
[debug] [2022-01-23T09:08:01.915Z] Command:       C:\Program Files\nodejs\node.exe C:\Users\Professional\AppData\Roaming\npm\node_modules\firebase-tools\lib\bin\firebase.js deploy
[debug] [2022-01-23T09:08:01.915Z] CLI Version:   10.0.1
[debug] [2022-01-23T09:08:01.915Z] Platform:      win32
[debug] [2022-01-23T09:08:01.915Z] Node Version:  v14.18.1
[debug] [2022-01-23T09:08:01.916Z] Time:          Sun Jan 23 2022 11:08:01 GMT+0200 (за східноєвропейським стандартним часом)
[debug] [2022-01-23T09:08:01.916Z] ----------------------------------------------------------------------
[debug] 
[debug] [2022-01-23T09:08:01.969Z] > command requires scopes: ["email","openid","https://www.googleapis.com/auth/cloudplatformprojects.readonly","https://www.googleapis.com/auth/firebase","https://www.googleapis.com/auth/cloud-platform"]
[debug] [2022-01-23T09:08:01.969Z] > authorizing via signed-in user (makssenuk2002@gmail.com)
[debug] [2022-01-23T09:08:01.969Z] [iam] checking project qqqqq-644df for permissions ["firebase.projects.get","firebasehosting.sites.update"]
[debug] [2022-01-23T09:08:01.971Z] >>> HTTP REQUEST POST https://cloudresourcemanager.googleapis.com/v1/projects/qqqqq-644df:testIamPermissions  
 {"permissions":["firebase.projects.get","firebasehosting.sites.update"]}
[debug] [2022-01-23T09:08:02.815Z] <<< HTTP RESPONSE 200 {"content-type":"application/json; charset=UTF-8","vary":"X-Origin, Referer, Origin,Accept-Encoding","date":"Sun, 23 Jan 2022 09:07:59 GMT","server":"ESF","cache-control":"private","x-xss-protection":"0","x-frame-options":"SAMEORIGIN","x-content-type-options":"nosniff","server-timing":"gfet4t7; dur=682","alt-svc":"h3=\":443\"; ma=2592000,h3-29=\":443\"; ma=2592000,h3-Q050=\":443\"; ma=2592000,h3-Q046=\":443\"; ma=2592000,h3-Q043=\":443\"; ma=2592000,quic=\":443\"; ma=2592000; v=\"46,43\"","accept-ranges":"none","transfer-encoding":"chunked"}
[debug] [2022-01-23T09:08:02.818Z] > refreshing access token with scopes: []
[debug] [2022-01-23T09:08:02.818Z] >>> HTTP REQUEST POST https://www.googleapis.com/oauth2/v3/token  
 <request body omitted>
[debug] [2022-01-23T09:08:02.945Z] <<< HTTP RESPONSE 200 {"date":"Sun, 23 Jan 2022 09:07:59 GMT","expires":"Mon, 01 Jan 1990 00:00:00 GMT","cache-control":"no-cache, no-store, max-age=0, must-revalidate","pragma":"no-cache","content-type":"application/json; charset=utf-8","vary":"X-Origin, Referer, Origin,Accept-Encoding","server":"scaffolding on HTTPServer2","x-xss-protection":"0","x-frame-options":"SAMEORIGIN","x-content-type-options":"nosniff","alt-svc":"h3=\":443\"; ma=2592000,h3-29=\":443\"; ma=2592000,h3-Q050=\":443\"; ma=2592000,h3-Q046=\":443\"; ma=2592000,h3-Q043=\":443\"; ma=2592000,quic=\":443\"; ma=2592000; v=\"46,43\"","accept-ranges":"none","transfer-encoding":"chunked"}
[debug] [2022-01-23T09:08:02.957Z] >>> [apiv2][query] GET https://firebase.googleapis.com/v1beta1/projects/qqqqq-644df [none]
[debug] [2022-01-23T09:08:03.277Z] <<< [apiv2][status] GET https://firebase.googleapis.com/v1beta1/projects/qqqqq-644df 200
[debug] [2022-01-23T09:08:03.278Z] <<< [apiv2][body] GET https://firebase.googleapis.com/v1beta1/projects/qqqqq-644df {"projectId":"qqqqq-644df","projectNumber":"579766775991","displayName":"qqqqq","name":"projects/qqqqq-644df","resources":{"hostingSite":"qqqqq-644df","realtimeDatabaseInstance":"qqqqq-644df-default-rtdb"},"state":"ACTIVE"}
[info] 
[info] === Deploying to 'qqqqq-644df'...
[info] 
[info] i  deploying hosting 
[debug] [2022-01-23T09:08:03.283Z] > refreshing access token with scopes: ["email","https://www.googleapis.com/auth/cloud-platform","https://www.googleapis.com/auth/cloudplatformprojects.readonly","https://www.googleapis.com/auth/firebase","openid"]
[debug] [2022-01-23T09:08:03.283Z] >>> HTTP REQUEST POST https://www.googleapis.com/oauth2/v3/token  
 <request body omitted>
[debug] [2022-01-23T09:08:03.412Z] <<< HTTP RESPONSE 200 {"cache-control":"no-cache, no-store, max-age=0, must-revalidate","date":"Sun, 23 Jan 2022 09:08:00 GMT","pragma":"no-cache","expires":"Mon, 01 Jan 1990 00:00:00 GMT","content-type":"application/json; charset=utf-8","vary":"X-Origin, Referer, Origin,Accept-Encoding","server":"scaffolding on HTTPServer2","x-xss-protection":"0","x-frame-options":"SAMEORIGIN","x-content-type-options":"nosniff","alt-svc":"h3=\":443\"; ma=2592000,h3-29=\":443\"; ma=2592000,h3-Q050=\":443\"; ma=2592000,h3-Q046=\":443\"; ma=2592000,h3-Q043=\":443\"; ma=2592000,quic=\":443\"; ma=2592000; v=\"46,43\"","accept-ranges":"none","transfer-encoding":"chunked"}
[debug] [2022-01-23T09:08:03.430Z] >>> HTTP REQUEST POST https://firebasehosting.googleapis.com/v1beta1/sites/qqqqq-644df/versions  
 {"config":{"rewrites":[{"glob":"**","path":"/index.html"}]},"labels":{"deployment-tool":"cli-firebase"}}
[debug] [2022-01-23T09:08:04.887Z] <<< HTTP RESPONSE 200 {"content-type":"application/json; charset=UTF-8","vary":"X-Origin, Referer, Origin,Accept-Encoding","date":"Sun, 23 Jan 2022 09:08:01 GMT","server":"ESF","cache-control":"private","x-xss-protection":"0","x-frame-options":"SAMEORIGIN","x-content-type-options":"nosniff","alt-svc":"h3=\":443\"; ma=2592000,h3-29=\":443\"; ma=2592000,h3-Q050=\":443\"; ma=2592000,h3-Q046=\":443\"; ma=2592000,h3-Q043=\":443\"; ma=2592000,quic=\":443\"; ma=2592000; v=\"46,43\"","accept-ranges":"none","transfer-encoding":"chunked"}
[info] i  hosting[qqqqq-644df]: beginning deploy... 
[debug] [2022-01-23T09:08:04.911Z] Error: EPERM: operation not permitted, scandir 'C:/Users/Professional/Desktop/taskmodal/dist/index.html'
    at Object.readdirSync (fs.js:1047:3)
    at GlobSync._readdir (C:\Users\Professional\AppData\Roaming\npm\node_modules\firebase-tools\node_modules\glob\sync.js:285:46)
    at GlobSync._readdirInGlobStar (C:\Users\Professional\AppData\Roaming\npm\node_modules\firebase-tools\node_modules\glob\sync.js:242:17)
    at GlobSync._readdir (C:\Users\Professional\AppData\Roaming\npm\node_modules\firebase-tools\node_modules\glob\sync.js:273:17)
    at GlobSync._processReaddir (C:\Users\Professional\AppData\Roaming\npm\node_modules\firebase-tools\node_modules\glob\sync.js:134:22)
    at GlobSync._process (C:\Users\Professional\AppData\Roaming\npm\node_modules\firebase-tools\node_modules\glob\sync.js:129:10)
    at GlobSync._processGlobStar (C:\Users\Professional\AppData\Roaming\npm\node_modules\firebase-tools\node_modules\glob\sync.js:377:10)
    at GlobSync._process (C:\Users\Professional\AppData\Roaming\npm\node_modules\firebase-tools\node_modules\glob\sync.js:127:10)
    at new GlobSync (C:\Users\Professional\AppData\Roaming\npm\node_modules\firebase-tools\node_modules\glob\sync.js:45:10)
    at Function.globSync [as sync] (C:\Users\Professional\AppData\Roaming\npm\node_modules\firebase-tools\node_modules\glob\sync.js:23:10)
    at Object.listFiles (C:\Users\Professional\AppData\Roaming\npm\node_modules\firebase-tools\lib\listFiles.js:6:19)
    at runDeploys (C:\Users\Professional\AppData\Roaming\npm\node_modules\firebase-tools\lib\deploy\hosting\deploy.js:42:35)
    at deploy (C:\Users\Professional\AppData\Roaming\npm\node_modules\firebase-tools\lib\deploy\hosting\deploy.js:73:12)
    at _chain (C:\Users\Professional\AppData\Roaming\npm\node_modules\firebase-tools\lib\deploy\index.js:24:40)
    at C:\Users\Professional\AppData\Roaming\npm\node_modules\firebase-tools\lib\deploy\index.js:69:16
    at processTicksAndRejections (internal/process/task_queues.js:95:5)
[error] 
[error] Error: An unexpected error has occurred.
